Using pre-set license
Built from '2021.3/staging' branch; Version is '2021.3.0f1 (6eacc8284459) revision 7253192'; Using compiler version '192829333'; Build Type 'Release'
OS: 'Windows 10  (10.0.17763) 64bit EnterpriseS' Language: 'tr' Physical Memory: 16230 MB
BatchMode: 1, IsHumanControllingUs: 0, StartBugReporterOnCrash: 0, Is64bit: 1, IsPro: 1

COMMAND LINE ARGUMENTS:
C:\Program Files\Unity\Hub\Editor\2021.3.0f1\Editor\Unity.exe
-adb2
-batchMode
-noUpm
-name
AssetImportWorker0
-projectPath
C:/Users/suleyman.aydin/RunControl
-logFile
Logs/AssetImportWorker0.log
-srvPort
49796
Successfully changed project path to: C:/Users/suleyman.aydin/RunControl
C:/Users/suleyman.aydin/RunControl
[UnityMemory] Configuration Parameters - Can be set up in boot.config
    "memorysetup-bucket-allocator-granularity=16"
    "memorysetup-bucket-allocator-bucket-count=8"
    "memorysetup-bucket-allocator-block-size=33554432"
    "memorysetup-bucket-allocator-block-count=8"
    "memorysetup-main-allocator-block-size=16777216"
    "memorysetup-thread-allocator-block-size=16777216"
    "memorysetup-gfx-main-allocator-block-size=16777216"
    "memorysetup-gfx-thread-allocator-block-size=16777216"
    "memorysetup-cache-allocator-block-size=4194304"
    "memorysetup-typetree-allocator-block-size=2097152"
    "memorysetup-profiler-bucket-allocator-granularity=16"
    "memorysetup-profiler-bucket-allocator-bucket-count=8"
    "memorysetup-profiler-bucket-allocator-block-size=33554432"
    "memorysetup-profiler-bucket-allocator-block-count=8"
    "memorysetup-profiler-allocator-block-size=16777216"
    "memorysetup-profiler-editor-allocator-block-size=1048576"
    "memorysetup-temp-allocator-size-main=16777216"
    "memorysetup-job-temp-allocator-block-size=2097152"
    "memorysetup-job-temp-allocator-block-size-background=1048576"
    "memorysetup-job-temp-allocator-reduction-small-platforms=262144"
    "memorysetup-temp-allocator-size-background-worker=32768"
    "memorysetup-temp-allocator-size-job-worker=262144"
    "memorysetup-temp-allocator-size-preload-manager=33554432"
    "memorysetup-temp-allocator-size-nav-mesh-worker=65536"
    "memorysetup-temp-allocator-size-audio-worker=65536"
    "memorysetup-temp-allocator-size-cloud-worker=32768"
    "memorysetup-temp-allocator-size-gi-baking-worker=262144"
    "memorysetup-temp-allocator-size-gfx=262144"
Refreshing native plugins compatible for Editor in 64.93 ms, found 3 plugins.
Preloading 0 native plugins for Editor in 0.00 ms.
Initialize engine version: 2021.3.0f1 (6eacc8284459)
[Subsystems] Discovering subsystems at path C:/Program Files/Unity/Hub/Editor/2021.3.0f1/Editor/Data/Resources/UnitySubsystems
[Subsystems] Discovering subsystems at path C:/Users/suleyman.aydin/RunControl/Assets
GfxDevice: creating device client; threaded=0; jobified=0
Direct3D:
    Version:  Direct3D 11.0 [level 11.1]
    Renderer: Intel(R) UHD Graphics 630 (ID=0x9bc5)
    Vendor:   Intel
    VRAM:     8115 MB
    Driver:   30.0.101.1273
Initialize mono
Mono path[0] = 'C:/Program Files/Unity/Hub/Editor/2021.3.0f1/Editor/Data/Managed'
Mono path[1] = 'C:/Program Files/Unity/Hub/Editor/2021.3.0f1/Editor/Data/MonoBleedingEdge/lib/mono/unityjit-win32'
Mono config path = 'C:/Program Files/Unity/Hub/Editor/2021.3.0f1/Editor/Data/MonoBleedingEdge/etc'
Using monoOptions --debugger-agent=transport=dt_socket,embedding=1,server=y,suspend=n,address=127.0.0.1:56904
Begin MonoManager ReloadAssembly
Registering precompiled unity dll's ...
Register platform support module: C:/Program Files/Unity/Hub/Editor/2021.3.0f1/Editor/Data/PlaybackEngines/WebGLSupport/UnityEditor.WebGL.Extensions.dll
Register platform support module: C:/Program Files/Unity/Hub/Editor/2021.3.0f1/Editor/Data/PlaybackEngines/MacStandaloneSupport/UnityEditor.OSXStandalone.Extensions.dll
Register platform support module: C:/Program Files/Unity/Hub/Editor/2021.3.0f1/Editor/Data/PlaybackEngines/AndroidPlayer/UnityEditor.Android.Extensions.dll
Register platform support module: C:/Program Files/Unity/Hub/Editor/2021.3.0f1/Editor/Data/PlaybackEngines/iOSSupport/UnityEditor.iOS.Extensions.dll
Register platform support module: C:/Program Files/Unity/Hub/Editor/2021.3.0f1/Editor/Data/PlaybackEngines/WindowsStandaloneSupport/UnityEditor.WindowsStandalone.Extensions.dll
Register platform support module: C:/Program Files/Unity/Hub/Editor/2021.3.0f1/Editor/Data/PlaybackEngines/MetroSupport/UnityEditor.UWP.Extensions.dll
Registered in 0.006672 seconds.
Native extension for UWP target not found
Native extension for WindowsStandalone target not found
[usbmuxd] Start listen thread
[usbmuxd] Listen thread started
[usbmuxd] Send listen message
Native extension for iOS target not found
Native extension for Android target not found
Native extension for OSXStandalone target not found
Native extension for WebGL target not found
Refreshing native plugins compatible for Editor in 66.15 ms, found 3 plugins.
Preloading 0 native plugins for Editor in 0.00 ms.
Mono: successfully reloaded assembly
- Completed reload, in  0.525 seconds
Domain Reload Profiling:
	ReloadAssembly (525ms)
		BeginReloadAssembly (57ms)
			ExecutionOrderSort (0ms)
			DisableScriptedObjects (0ms)
			BackupInstance (0ms)
			ReleaseScriptingObjects (0ms)
			CreateAndSetChildDomain (1ms)
		EndReloadAssembly (380ms)
			LoadAssemblies (57ms)
			RebuildTransferFunctionScriptingTraits (0ms)
			SetupTypeCache (88ms)
			ReleaseScriptCaches (0ms)
			RebuildScriptCaches (23ms)
			SetupLoadedEditorAssemblies (229ms)
				LogAssemblyErrors (0ms)
				InitializePlatformSupportModulesInManaged (53ms)
				SetLoadedEditorAssemblies (0ms)
				RefreshPlugins (66ms)
				BeforeProcessingInitializeOnLoad (1ms)
				ProcessInitializeOnLoadAttributes (74ms)
				ProcessInitializeOnLoadMethodAttributes (34ms)
				AfterProcessingInitializeOnLoad (0ms)
				EditorAssembliesLoaded (0ms)
			ExecutionOrderSort2 (0ms)
			AwakeInstancesAfterBackupRestoration (0ms)
Platform modules already initialized, skipping
Registering precompiled user dll's ...
Registered in 0.004246 seconds.
Begin MonoManager ReloadAssembly
Symbol file LoadedFromMemory doesn't match image C:\Users\suleyman.aydin\RunControl\Library\PackageCache\com.unity.visualscripting@1.7.6\Editor\VisualScripting.Core\Dependencies\YamlDotNet\Unity.VisualScripting.YamlDotNet.dll
Symbol file LoadedFromMemory is not a mono symbol file
Symbol file LoadedFromMemory doesn't match image C:\Users\suleyman.aydin\RunControl\Library\PackageCache\com.unity.visualscripting@1.7.6\Editor\VisualScripting.Core\Dependencies\DotNetZip\Unity.VisualScripting.IonicZip.dll
Native extension for UWP target not found
Native extension for WindowsStandalone target not found
Native extension for iOS target not found
Native extension for Android target not found
Native extension for OSXStandalone target not found
Native extension for WebGL target not found
Refreshing native plugins compatible for Editor in 0.46 ms, found 3 plugins.
Preloading 0 native plugins for Editor in 0.00 ms.
Mono: successfully reloaded assembly
- Completed reload, in  0.785 seconds
Domain Reload Profiling:
	ReloadAssembly (786ms)
		BeginReloadAssembly (84ms)
			ExecutionOrderSort (0ms)
			DisableScriptedObjects (5ms)
			BackupInstance (0ms)
			ReleaseScriptingObjects (0ms)
			CreateAndSetChildDomain (17ms)
		EndReloadAssembly (615ms)
			LoadAssemblies (70ms)
			RebuildTransferFunctionScriptingTraits (0ms)
			SetupTypeCache (200ms)
			ReleaseScriptCaches (1ms)
			RebuildScriptCaches (39ms)
			SetupLoadedEditorAssemblies (276ms)
				LogAssemblyErrors (0ms)
				InitializePlatformSupportModulesInManaged (21ms)
				SetLoadedEditorAssemblies (0ms)
				RefreshPlugins (0ms)
				BeforeProcessingInitializeOnLoad (65ms)
				ProcessInitializeOnLoadAttributes (167ms)
				ProcessInitializeOnLoadMethodAttributes (17ms)
				AfterProcessingInitializeOnLoad (4ms)
				EditorAssembliesLoaded (0ms)
			ExecutionOrderSort2 (0ms)
			AwakeInstancesAfterBackupRestoration (4ms)
Platform modules already initialized, skipping
========================================================================
Worker process is ready to serve import requests
Launched and connected shader compiler UnityShaderCompiler.exe after 0.05 seconds
Refreshing native plugins compatible for Editor in 0.47 ms, found 3 plugins.
Preloading 0 native plugins for Editor in 0.00 ms.
Unloading 3225 Unused Serialized files (Serialized files now loaded: 0)
Unloading 23 unused Assets / (112.1 KB). Loaded Objects now: 3687.
Memory consumption went from 112.1 MB to 112.0 MB.
Total: 2.733200 ms (FindLiveObjects: 0.279400 ms CreateObjectMapping: 0.248000 ms MarkObjects: 2.119300 ms  DeleteObjects: 0.085800 ms)

AssetImportParameters requested are different than current active one (requested -> active):
  custom:video-decoder-ogg-theora: a1e56fd34408186e4bbccfd4996cb3dc -> 
  custom:container-muxer-webm: aa71ff27fc2769a1b78a27578f13a17b -> 
  custom:container-demuxer-webm: 4f35f7cbe854078d1ac9338744f61a02 -> 
  custom:video-encoder-webm-vp8: eb34c28f22e8b96e1ab97ce403110664 -> 
  custom:audio-encoder-webm-vorbis: bf7c407c2cedff20999df2af8eb42d56 -> 
  custom:framework-win-MediaFoundation: 216162199b28c13a410421893ffa2e32 -> 
  custom:container-demuxer-ogg: 62fdf1f143b41e24485cea50d1cbac27 -> 
  custom:video-decoder-webm-vp8: 9c59270c3fd7afecdb556c50c9e8de78 -> 
  custom:audio-decoder-ogg-vorbis: bf7c407c2cedff20999df2af8eb42d56 -> 
========================================================================
Received Import Request.
  Time since last request: 18152.108668 seconds.
  path: Assets/LowCharacterPack
  artifactKey: Guid(31d87446ae30d874b9c480a5985adeee) Importer(815301076,1909f56bfc062723c751e8b465ee728b)
Start importing Assets/LowCharacterPack using Guid(31d87446ae30d874b9c480a5985adeee) Importer(815301076,1909f56bfc062723c751e8b465ee728b)  -> (artifact id: '0cff2f96500be83460026b7a42901a1c') in 0.009530 seconds 
========================================================================
Received Import Request.
  Time since last request: 126.581084 seconds.
  path: Assets/LowCharacterPack/LowCharacter_demo/models
  artifactKey: Guid(6fc517c7d0e25654284befc17732f91a) Importer(815301076,1909f56bfc062723c751e8b465ee728b)
Start importing Assets/LowCharacterPack/LowCharacter_demo/models using Guid(6fc517c7d0e25654284befc17732f91a) Importer(815301076,1909f56bfc062723c751e8b465ee728b)  -> (artifact id: '1d67f75bad912841f645be89a43faf28') in 0.005845 seconds 
========================================================================
Received Import Request.
  Time since last request: 0.399574 seconds.
  path: Assets/LowCharacterPack/LowCharacter_demo/models/Ninja_Demo@T-Pose.fbx
  artifactKey: Guid(a6e1b293f7ed5584fa548ddde966e03e) Importer(815301076,1909f56bfc062723c751e8b465ee728b)
Start importing Assets/LowCharacterPack/LowCharacter_demo/models/Ninja_Demo@T-Pose.fbx using Guid(a6e1b293f7ed5584fa548ddde966e03e) Importer(815301076,1909f56bfc062723c751e8b465ee728b)  -> (artifact id: '1c37faf910829ffa1ca372738219ec7f') in 0.550678 seconds 
========================================================================
Received Import Request.
  Time since last request: 0.630849 seconds.
  path: Assets/LowCharacterPack/LowCharacter_demo/models/Materials
  artifactKey: Guid(555b8bf38bf83744297f198d2c054c86) Importer(815301076,1909f56bfc062723c751e8b465ee728b)
Start importing Assets/LowCharacterPack/LowCharacter_demo/models/Materials using Guid(555b8bf38bf83744297f198d2c054c86) Importer(815301076,1909f56bfc062723c751e8b465ee728b)  -> (artifact id: 'a49b472b1ff99d8a2867ed7db02452fc') in 0.006121 seconds 
========================================================================
Received Import Request.
  Time since last request: 0.071720 seconds.
  path: Assets/LowCharacterPack/LowCharacter_demo/models/Materials/Ninja_demo.mat
  artifactKey: Guid(1c6a1a7adaf94c44a83af9c4a87fbe8f) Importer(815301076,1909f56bfc062723c751e8b465ee728b)
Start importing Assets/LowCharacterPack/LowCharacter_demo/models/Materials/Ninja_demo.mat using Guid(1c6a1a7adaf94c44a83af9c4a87fbe8f) Importer(815301076,1909f56bfc062723c751e8b465ee728b)  -> (artifact id: '1baaf38b12506211bfd6944f6f0a67b2') in 0.115317 seconds 
========================================================================
Received Import Request.
  Time since last request: 3.254996 seconds.
  path: Assets/LowCharacterPack/LowCharacter_demo/prefabs/Ninja_Demo@T-Pose.prefab
  artifactKey: Guid(50c549939b9529d49b9eae59fc1d0fd3) Importer(815301076,1909f56bfc062723c751e8b465ee728b)
Start importing Assets/LowCharacterPack/LowCharacter_demo/prefabs/Ninja_Demo@T-Pose.prefab using Guid(50c549939b9529d49b9eae59fc1d0fd3) Importer(815301076,1909f56bfc062723c751e8b465ee728b)  -> (artifact id: '9e843d1f0766aa7799b19c876f2245d2') in 0.011039 seconds 
========================================================================
Received Import Request.
  Time since last request: 3.130421 seconds.
  path: Assets/LowCharacterPack/LowCharacter_demo/prefabs
  artifactKey: Guid(46415cdd4c42df74fad7499cb88eff95) Importer(815301076,1909f56bfc062723c751e8b465ee728b)
Start importing Assets/LowCharacterPack/LowCharacter_demo/prefabs using Guid(46415cdd4c42df74fad7499cb88eff95) Importer(815301076,1909f56bfc062723c751e8b465ee728b)  -> (artifact id: '44af255ff41402fd3f4020556c3f2d61') in 0.005342 seconds 
========================================================================
Received Import Request.
  Time since last request: 0.792801 seconds.
  path: Assets/LowCharacterPack/LowCharacter_demo/prefabs/sample_scene
  artifactKey: Guid(661d368d007669a47a5c25af506081bd) Importer(815301076,1909f56bfc062723c751e8b465ee728b)
Start importing Assets/LowCharacterPack/LowCharacter_demo/prefabs/sample_scene using Guid(661d368d007669a47a5c25af506081bd) Importer(815301076,1909f56bfc062723c751e8b465ee728b)  -> (artifact id: 'e160b7b62c58e37b2c6aa6772fc2f74a') in 0.005417 seconds 
========================================================================
Received Import Request.
  Time since last request: 0.091563 seconds.
  path: Assets/LowCharacterPack/LowCharacter_demo/prefabs/sample_scene/Ground.mat
  artifactKey: Guid(bb14cb2ac9a0a3e4eb0480f747b585fb) Importer(815301076,1909f56bfc062723c751e8b465ee728b)
Start importing Assets/LowCharacterPack/LowCharacter_demo/prefabs/sample_scene/Ground.mat using Guid(bb14cb2ac9a0a3e4eb0480f747b585fb) Importer(815301076,1909f56bfc062723c751e8b465ee728b)  -> (artifact id: '09487544bdfadf175b03c7052eedc296') in 0.014436 seconds 
========================================================================
Received Import Request.
  Time since last request: 60.397490 seconds.
  path: Assets/karakter.png
  artifactKey: Guid(865057a8d90455c4c8df6196b4efcfc7) Importer(815301076,1909f56bfc062723c751e8b465ee728b)
Start importing Assets/karakter.png using Guid(865057a8d90455c4c8df6196b4efcfc7) Importer(815301076,1909f56bfc062723c751e8b465ee728b)  -> (artifact id: '012a8a801d481abbe5360b2086fb671e') in 0.034479 seconds 
========================================================================
Received Import Request.
  Time since last request: 2.657754 seconds.
  path: Assets/Scenes
  artifactKey: Guid(6ea315d0fd7389c41b19996891e99ae3) Importer(815301076,1909f56bfc062723c751e8b465ee728b)
Start importing Assets/Scenes using Guid(6ea315d0fd7389c41b19996891e99ae3) Importer(815301076,1909f56bfc062723c751e8b465ee728b)  -> (artifact id: 'b8193726cff86800c54781cdc6d54904') in 0.005263 seconds 
========================================================================
Received Import Request.
  Time since last request: 50.450576 seconds.
  path: Assets
  artifactKey: Guid(00000000000000001000000000000000) Importer(815301076,1909f56bfc062723c751e8b465ee728b)
Start importing Assets using Guid(00000000000000001000000000000000) Importer(815301076,1909f56bfc062723c751e8b465ee728b)  -> (artifact id: '79842766b460edbeab6a34051e857a80') in 0.006246 seconds 
========================================================================
Received Import Request.
  Time since last request: 5.866491 seconds.
  path: Assets/Prefabs
  artifactKey: Guid(bce595e4ce52c8540bb6cfe369f36c93) Importer(815301076,1909f56bfc062723c751e8b465ee728b)
Start importing Assets/Prefabs using Guid(bce595e4ce52c8540bb6cfe369f36c93) Importer(815301076,1909f56bfc062723c751e8b465ee728b)  -> (artifact id: '57c5ef5b8d8aa4cc1be1703f7b58872c') in 0.004833 seconds 
========================================================================
Received Import Request.
  Time since last request: 10.049427 seconds.
  path: Assets/Script
  artifactKey: Guid(4cffa037a48fd854f8131eff9a3ae568) Importer(815301076,1909f56bfc062723c751e8b465ee728b)
Start importing Assets/Script using Guid(4cffa037a48fd854f8131eff9a3ae568) Importer(815301076,1909f56bfc062723c751e8b465ee728b)  -> (artifact id: '7ae7da5ff99a1beb0059a7ce193dd3cb') in 0.004786 seconds 
========================================================================
Received Import Request.
  Time since last request: 13.231571 seconds.
  path: Assets/Materials
  artifactKey: Guid(6f9dccc4ef0c31e4e81a9cd4ba15a896) Importer(815301076,1909f56bfc062723c751e8b465ee728b)
Start importing Assets/Materials using Guid(6f9dccc4ef0c31e4e81a9cd4ba15a896) Importer(815301076,1909f56bfc062723c751e8b465ee728b)  -> (artifact id: 'a027e10cdddd58ff224bd28535466909') in 0.001647 seconds 
========================================================================
Received Import Request.
  Time since last request: 19.939547 seconds.
  path: Assets/KarakterModeli
  artifactKey: Guid(a249dbf05af62844fb4df3b30add78b3) Importer(815301076,1909f56bfc062723c751e8b465ee728b)
Start importing Assets/KarakterModeli using Guid(a249dbf05af62844fb4df3b30add78b3) Importer(815301076,1909f56bfc062723c751e8b465ee728b)  -> (artifact id: 'b25c96ae887cb223bd7da2339235f870') in 0.006979 seconds 
========================================================================
Received Import Request.
  Time since last request: 14.925423 seconds.
  path: Assets/Materials/GroundMaterial.mat
  artifactKey: Guid(a3f16acb4b55edf4ab50f1998ce290ae) Importer(815301076,1909f56bfc062723c751e8b465ee728b)
Start importing Assets/Materials/GroundMaterial.mat using Guid(a3f16acb4b55edf4ab50f1998ce290ae) Importer(815301076,1909f56bfc062723c751e8b465ee728b)  -> (artifact id: 'ef2773545f81310d02069514b0915f58') in 0.040977 seconds 
========================================================================
Received Import Request.
  Time since last request: 159.751764 seconds.
  path: Assets/Materials/GroundMaterial.mat
  artifactKey: Guid(a3f16acb4b55edf4ab50f1998ce290ae) Importer(815301076,1909f56bfc062723c751e8b465ee728b)
Start importing Assets/Materials/GroundMaterial.mat using Guid(a3f16acb4b55edf4ab50f1998ce290ae) Importer(815301076,1909f56bfc062723c751e8b465ee728b)  -> (artifact id: '7746eb39f6b80ca7efceaa48aee017bc') in 0.081041 seconds 
========================================================================
Received Import Request.
  Time since last request: 24.355834 seconds.
  path: Assets/KarakterModeli/models/Materials/Ninja_demo.mat
  artifactKey: Guid(1c6a1a7adaf94c44a83af9c4a87fbe8f) Importer(815301076,1909f56bfc062723c751e8b465ee728b)
Start importing Assets/KarakterModeli/models/Materials/Ninja_demo.mat using Guid(1c6a1a7adaf94c44a83af9c4a87fbe8f) Importer(815301076,1909f56bfc062723c751e8b465ee728b)  -> (artifact id: '7582c2b9dbfb5992216fe22f7e10115e') in 0.048932 seconds 
